2017-09-16T22:55:40+02:00 - ### Setup Home Page ###. 
2017-09-16T22:55:40+02:00 - Configuration file created successfully.
2017-09-16T22:59:32+02:00 - ### Setup Home Page ###. 
2017-09-16T23:02:05+02:00 - ### Setup Home Page ###. 
2017-09-16T23:03:41+02:00 - ### Setup Home Page ###. 
2017-09-16T23:05:33+02:00 - ### Setup Home Page ###. 
2017-09-16T23:05:44+02:00 - ### Credentials Page ###. 
2017-09-16T23:06:30+02:00 - ### Credentials Page ###. 
2017-09-16T23:06:30+02:00 - Credentials written to config file.
2017-09-16T23:06:32+02:00 - ### List Page ###. 
2017-09-16T23:07:01+02:00 - ### List Page ###. 
2017-09-16T23:07:01+02:00 - Configuration lists updated successfully.
2017-09-16T23:07:03+02:00 - ### Form Page ###. 
2017-09-16T23:08:06+02:00 - ### Form Page ###. 
2017-09-16T23:08:06+02:00 - Configuration options updated successfully.
2017-09-16T23:08:06+02:00 - ### Code Page ###. 
2017-09-16T23:08:27+02:00 - ### Code Page ###. 
2017-09-16T23:08:29+02:00 - ### Code Page ###. 
2017-09-16T23:18:59+02:00 - ### List Page ###. 
2017-09-16T23:19:03+02:00 - ### Form Page ###. 
2017-09-16T23:19:10+02:00 - ### Form Page ###. 
2017-09-16T23:19:10+02:00 - Configuration options updated successfully.
2017-09-16T23:19:10+02:00 - ### Code Page ###. 
2017-09-16T23:31:33+02:00 - ### Setup Home Page ###. 
2017-09-16T23:31:52+02:00 - ### Credentials Page ###. 
2017-09-16T23:32:06+02:00 - ### Credentials Page ###. 
2017-09-16T23:32:06+02:00 - Credentials written to config file.
2017-09-16T23:32:08+02:00 - ### List Page ###. 
2017-09-16T23:33:58+02:00 - ### List Page ###. 
2017-09-16T23:34:47+02:00 - ### Credentials Page ###. 
2017-09-16T23:53:01+02:00 - ### Credentials Page ###. 
2017-09-16T23:53:01+02:00 - Credentials written to config file.
2017-09-16T23:53:04+02:00 - ### List Page ###. 
2017-09-16T23:53:12+02:00 - ### List Page ###. 
2017-09-16T23:53:12+02:00 - Configuration lists updated successfully.
2017-09-16T23:53:14+02:00 - ### Form Page ###. 
2017-09-16T23:53:19+02:00 - ### Form Page ###. 
2017-09-16T23:53:19+02:00 - Configuration options updated successfully.
2017-09-16T23:53:19+02:00 - ### Code Page ###. 
2017-09-17T00:01:51+02:00 - ### Credentials Page ###. 
2017-09-17T00:02:00+02:00 - ### Credentials Page ###. 
2017-09-17T00:02:00+02:00 - Credentials written to config file.
2017-09-17T00:02:02+02:00 - ### List Page ###. 
2017-09-17T00:02:09+02:00 - ### List Page ###. 
2017-09-17T00:02:09+02:00 - Configuration lists updated successfully.
2017-09-17T00:02:11+02:00 - ### Form Page ###. 
2017-09-17T00:02:19+02:00 - ### Form Page ###. 
2017-09-17T00:02:19+02:00 - Configuration options updated successfully.
2017-09-17T00:02:19+02:00 - ### Code Page ###. 
2017-09-17T00:02:26+02:00 - ### List Page ###. 
2017-09-17T00:02:31+02:00 - ### Form Page ###. 
2017-09-17T00:02:44+02:00 - ### Form Page ###. 
2017-09-17T00:02:44+02:00 - Configuration options updated successfully.
2017-09-17T00:02:44+02:00 - ### Code Page ###. 
